Using pre-set license
Built from '2022.3/staging' branch; Version is '2022.3.8f1 (b5eafc012955) revision 11922172'; Using compiler version '192829333'; Build Type 'Release'
OS: 'Windows 10  (10.0.19045) 64bit Professional' Language: 'ko' Physical Memory: 16291 MB
BatchMode: 1, IsHumanControllingUs: 0, StartBugReporterOnCrash: 0, Is64bit: 1, IsPro: 1

COMMAND LINE ARGUMENTS:
E:\Unity\Hub\Editor\2022.3.8f1\Editor\Unity.exe
-adb2
-batchMode
-noUpm
-name
AssetImportWorker3
-projectPath
E:/Opensource_Horror/Osogi_Play/Osogi_FinalProject
-logFile
Logs/AssetImportWorker3.log
-srvPort
4664
Successfully changed project path to: E:/Opensource_Horror/Osogi_Play/Osogi_FinalProject
E:/Opensource_Horror/Osogi_Play/Osogi_FinalProject
[UnityMemory] Configuration Parameters - Can be set up in boot.config
    "memorysetup-bucket-allocator-granularity=16"
    "memorysetup-bucket-allocator-bucket-count=8"
    "memorysetup-bucket-allocator-block-size=33554432"
    "memorysetup-bucket-allocator-block-count=8"
    "memorysetup-main-allocator-block-size=16777216"
    "memorysetup-thread-allocator-block-size=16777216"
    "memorysetup-gfx-main-allocator-block-size=16777216"
    "memorysetup-gfx-thread-allocator-block-size=16777216"
    "memorysetup-cache-allocator-block-size=4194304"
    "memorysetup-typetree-allocator-block-size=2097152"
    "memorysetup-profiler-bucket-allocator-granularity=16"
    "memorysetup-profiler-bucket-allocator-bucket-count=8"
    "memorysetup-profiler-bucket-allocator-block-size=33554432"
    "memorysetup-profiler-bucket-allocator-block-count=8"
    "memorysetup-profiler-allocator-block-size=16777216"
    "memorysetup-profiler-editor-allocator-block-size=1048576"
    "memorysetup-temp-allocator-size-main=16777216"
    "memorysetup-job-temp-allocator-block-size=2097152"
    "memorysetup-job-temp-allocator-block-size-background=1048576"
    "memorysetup-job-temp-allocator-reduction-small-platforms=262144"
    "memorysetup-allocator-temp-initial-block-size-main=262144"
    "memorysetup-allocator-temp-initial-block-size-worker=262144"
    "memorysetup-temp-allocator-size-background-worker=32768"
    "memorysetup-temp-allocator-size-job-worker=262144"
    "memorysetup-temp-allocator-size-preload-manager=33554432"
    "memorysetup-temp-allocator-size-nav-mesh-worker=65536"
    "memorysetup-temp-allocator-size-audio-worker=65536"
    "memorysetup-temp-allocator-size-cloud-worker=32768"
    "memorysetup-temp-allocator-size-gi-baking-worker=262144"
    "memorysetup-temp-allocator-size-gfx=262144"
Player connection [38760] Host "[IP] 192.168.0.2 [Port] 0 [Flags] 2 [Guid] 125624939 [EditorId] 125624939 [Version] 1048832 [Id] WindowsEditor(7,DESKTOP-3PHTMSA) [Debug] 1 [PackageName] WindowsEditor [ProjectName] Editor" joined multi-casting on [225.0.0.222:54997]...

Player connection [38760] Host "[IP] 192.168.0.2 [Port] 0 [Flags] 2 [Guid] 125624939 [EditorId] 125624939 [Version] 1048832 [Id] WindowsEditor(7,DESKTOP-3PHTMSA) [Debug] 1 [PackageName] WindowsEditor [ProjectName] Editor" joined alternative multi-casting on [225.0.0.222:34997]...

[Physics::Module] Initialized MultithreadedJobDispatcher with 11 workers.
Refreshing native plugins compatible for Editor in 29.29 ms, found 2 plugins.
Preloading 0 native plugins for Editor in 0.00 ms.
Initialize engine version: 2022.3.8f1 (b5eafc012955)
[Subsystems] Discovering subsystems at path E:/Unity/Hub/Editor/2022.3.8f1/Editor/Data/Resources/UnitySubsystems
[Subsystems] Discovering subsystems at path E:/Opensource_Horror/Osogi_Play/Osogi_FinalProject/Assets
GfxDevice: creating device client; threaded=0; jobified=0
Direct3D:
    Version:  Direct3D 11.0 [level 11.1]
    Renderer: NVIDIA GeForce RTX 2060 (ID=0x1e89)
    Vendor:   NVIDIA
    VRAM:     5958 MB
    Driver:   31.0.15.4617
Initialize mono
Mono path[0] = 'E:/Unity/Hub/Editor/2022.3.8f1/Editor/Data/Managed'
Mono path[1] = 'E:/Unity/Hub/Editor/2022.3.8f1/Editor/Data/MonoBleedingEdge/lib/mono/unityjit-win32'
Mono config path = 'E:/Unity/Hub/Editor/2022.3.8f1/Editor/Data/MonoBleedingEdge/etc'
Using monoOptions --debugger-agent=transport=dt_socket,embedding=1,server=y,suspend=n,address=127.0.0.1:56360
Begin MonoManager ReloadAssembly
Registering precompiled unity dll's ...
Register platform support module: E:/Unity/Hub/Editor/2022.3.8f1/Editor/Data/PlaybackEngines/WindowsStandaloneSupport/UnityEditor.WindowsStandalone.Extensions.dll
Registered in 0.019579 seconds.
- Loaded All Assemblies, in  0.478 seconds
Native extension for WindowsStandalone target not found
Mono: successfully reloaded assembly
- Finished resetting the current domain, in  0.256 seconds
Domain Reload Profiling: 727ms
	BeginReloadAssembly (199ms)
		ExecutionOrderSort (0ms)
		DisableScriptedObjects (0ms)
		BackupInstance (0ms)
		ReleaseScriptingObjects (0ms)
		CreateAndSetChildDomain (1ms)
	RebuildCommonClasses (40ms)
	RebuildNativeTypeToScriptingClass (10ms)
	initialDomainReloadingComplete (84ms)
	LoadAllAssembliesAndSetupDomain (137ms)
		LoadAssemblies (195ms)
		RebuildTransferFunctionScriptingTraits (0ms)
		AnalyzeDomain (133ms)
			TypeCache.Refresh (132ms)
				TypeCache.ScanAssembly (117ms)
			ScanForSourceGeneratedMonoScriptInfo (0ms)
			ResolveRequiredComponents (0ms)
	FinalizeReload (256ms)
		ReleaseScriptCaches (0ms)
		RebuildScriptCaches (0ms)
		SetupLoadedEditorAssemblies (202ms)
			LogAssemblyErrors (0ms)
			InitializePlatformSupportModulesInManaged (16ms)
			SetLoadedEditorAssemblies (7ms)
			RefreshPlugins (0ms)
			BeforeProcessingInitializeOnLoad (2ms)
			ProcessInitializeOnLoadAttributes (123ms)
			ProcessInitializeOnLoadMethodAttributes (53ms)
			AfterProcessingInitializeOnLoad (0ms)
			EditorAssembliesLoaded (0ms)
		ExecutionOrderSort2 (0ms)
		AwakeInstancesAfterBackupRestoration (0ms)
========================================================================
Worker process is ready to serve import requests
Begin MonoManager ReloadAssembly
Symbol file LoadedFromMemory is not a mono symbol file
- Loaded All Assemblies, in  0.897 seconds
Refreshing native plugins compatible for Editor in 17.54 ms, found 2 plugins.
Native extension for WindowsStandalone target not found
Package Manager log level set to [2]
[Package Manager] Server::EnsureServerProcessIsRunning -- launch failed, reason: Unity was launched with the -noUpm command-line argument
[Package Manager] UpmClient::Send -- Unable to send message (not connected to UPM process).
[Package Manager] Cannot connect to Unity Package Manager local server
Mono: successfully reloaded assembly
- Finished resetting the current domain, in  0.725 seconds
Domain Reload Profiling: 1603ms
	BeginReloadAssembly (236ms)
		ExecutionOrderSort (0ms)
		DisableScriptedObjects (5ms)
		BackupInstance (0ms)
		ReleaseScriptingObjects (0ms)
		CreateAndSetChildDomain (20ms)
	RebuildCommonClasses (40ms)
	RebuildNativeTypeToScriptingClass (11ms)
	initialDomainReloadingComplete (71ms)
	LoadAllAssembliesAndSetupDomain (519ms)
		LoadAssemblies (547ms)
		RebuildTransferFunctionScriptingTraits (0ms)
		AnalyzeDomain (138ms)
			TypeCache.Refresh (116ms)
				TypeCache.ScanAssembly (97ms)
			ScanForSourceGeneratedMonoScriptInfo (16ms)
			ResolveRequiredComponents (4ms)
	FinalizeReload (725ms)
		ReleaseScriptCaches (0ms)
		RebuildScriptCaches (0ms)
		SetupLoadedEditorAssemblies (555ms)
			LogAssemblyErrors (0ms)
			InitializePlatformSupportModulesInManaged (12ms)
			SetLoadedEditorAssemblies (3ms)
			RefreshPlugins (0ms)
			BeforeProcessingInitializeOnLoad (97ms)
			ProcessInitializeOnLoadAttributes (270ms)
			ProcessInitializeOnLoadMethodAttributes (160ms)
			AfterProcessingInitializeOnLoad (14ms)
			EditorAssembliesLoaded (0ms)
		ExecutionOrderSort2 (0ms)
		AwakeInstancesAfterBackupRestoration (15ms)
Launched and connected shader compiler UnityShaderCompiler.exe after 0.06 seconds
Refreshing native plugins compatible for Editor in 27.36 ms, found 2 plugins.
Preloading 0 native plugins for Editor in 0.00 ms.
Unloading 2504 Unused Serialized files (Serialized files now loaded: 0)
Unloading 60 unused Assets / (68.3 KB). Loaded Objects now: 2951.
Memory consumption went from 102.2 MB to 102.1 MB.
Total: 5.894400 ms (FindLiveObjects: 0.195000 ms CreateObjectMapping: 0.140800 ms MarkObjects: 5.447500 ms  DeleteObjects: 0.110300 ms)

AssetImportParameters requested are different than current active one (requested -> active):
  custom:video-decoder-webm-vp8: 9c59270c3fd7afecdb556c50c9e8de78 -> 
  custom:SearchIndexIgnoredProperties: e643bd26f0fe6173181afceb89e7c659 -> 
  custom:container-demuxer-ogg: 62fdf1f143b41e24485cea50d1cbac27 -> 
  custom:AudioImporter_EditorPlatform: d09bf68614088b80899f8185d706f6e7 -> 
  custom:video-decoder-ogg-theora: a1e56fd34408186e4bbccfd4996cb3dc -> 
  custom:framework-win-MediaFoundation: 216162199b28c13a410421893ffa2e32 -> 
  custom:video-encoder-webm-vp8: eb34c28f22e8b96e1ab97ce403110664 -> 
  custom:audio-decoder-ogg-vorbis: bf7c407c2cedff20999df2af8eb42d56 -> 
  custom:CustomObjectIndexerAttribute: 756ad292c208cfabdd7b50bc23989ffe -> 
  custom:container-demuxer-webm: 4f35f7cbe854078d1ac9338744f61a02 -> 
  custom:audio-encoder-webm-vorbis: bf7c407c2cedff20999df2af8eb42d56 -> 
  custom:container-muxer-webm: aa71ff27fc2769a1b78a27578f13a17b -> 
========================================================================
Received Import Request.
  Time since last request: 112172.622999 seconds.
  path: Assets/Object/3D/furniture/PBR Lamps Pack Free/Large round lamp/Maps (Specular) [Unity]/Scratched/Large_round_lamp_ao.png
  artifactKey: Guid(9840248030722cb4292777f166fc91db) Importer(815301076,1909f56bfc062723c751e8b465ee728b)
Start importing Assets/Object/3D/furniture/PBR Lamps Pack Free/Large round lamp/Maps (Specular) [Unity]/Scratched/Large_round_lamp_ao.png using Guid(9840248030722cb4292777f166fc91db) Importer(815301076,1909f56bfc062723c751e8b465ee728b)  -> (artifact id: 'c912428678c8a8478509ff2967c77cc2') in 0.091022 seconds
Number of updated asset objects reloaded before import = 0
Number of asset objects unloaded after import = 2
========================================================================
Received Import Request.
  Time since last request: 106.995584 seconds.
  path: Assets/Object/3D/furniture/PBR Lamps Pack Free/Large round lamp/Maps (Specular) [Unity]/Scratched/Large_round_lamp_normal.png
  artifactKey: Guid(23cb5f882072ffc4da11ade7ed32e0a5) Importer(815301076,1909f56bfc062723c751e8b465ee728b)
Start importing Assets/Object/3D/furniture/PBR Lamps Pack Free/Large round lamp/Maps (Specular) [Unity]/Scratched/Large_round_lamp_normal.png using Guid(23cb5f882072ffc4da11ade7ed32e0a5) Importer(815301076,1909f56bfc062723c751e8b465ee728b)  -> (artifact id: 'a7545350b4ea06a2b2c9cab948600dfa') in 0.064717 seconds
Number of updated asset objects reloaded before import = 0
Number of asset objects unloaded after import = 2
========================================================================
Received Import Request.
  Time since last request: 0.125228 seconds.
  path: Assets/Object/3D/furniture/PBR Lamps Pack Free/Large round lamp/Maps (Specular) [Unity]/Scratched/Large_round_lamp_specular.png
  artifactKey: Guid(a05682371f8aeec438a53eda89130d68) Importer(815301076,1909f56bfc062723c751e8b465ee728b)
Start importing Assets/Object/3D/furniture/PBR Lamps Pack Free/Large round lamp/Maps (Specular) [Unity]/Scratched/Large_round_lamp_specular.png using Guid(a05682371f8aeec438a53eda89130d68) Importer(815301076,1909f56bfc062723c751e8b465ee728b)  -> (artifact id: '45f7dfd79d99b9ed7fdde4db182810ae') in 0.025867 seconds
Number of updated asset objects reloaded before import = 0
Number of asset objects unloaded after import = 2
========================================================================
Received Import Request.
  Time since last request: 0.000015 seconds.
  path: Assets/Object/3D/furniture/PBR Lamps Pack Free/Large round lamp/Maps (Specular) [Unity]/Clean/Large_round_lamp_specular.png
  artifactKey: Guid(a7b362b65273ece4ab9d8fde9fa46b9e) Importer(815301076,1909f56bfc062723c751e8b465ee728b)
Start importing Assets/Object/3D/furniture/PBR Lamps Pack Free/Large round lamp/Maps (Specular) [Unity]/Clean/Large_round_lamp_specular.png using Guid(a7b362b65273ece4ab9d8fde9fa46b9e) Importer(815301076,1909f56bfc062723c751e8b465ee728b)  -> (artifact id: 'ab9c03f3adee099d7badeb85b5714a81') in 0.026871 seconds
Number of updated asset objects reloaded before import = 0
Number of asset objects unloaded after import = 2
========================================================================
Received Import Request.
  Time since last request: 0.082868 seconds.
  path: Assets/Object/3D/furniture/BigFurniturePack/Demo/demo/Lightmap-0_comp_light.exr
  artifactKey: Guid(13e67ac74e051d541a34d5c752bfbd3d) Importer(815301076,1909f56bfc062723c751e8b465ee728b)
Start importing Assets/Object/3D/furniture/BigFurniturePack/Demo/demo/Lightmap-0_comp_light.exr using Guid(13e67ac74e051d541a34d5c752bfbd3d) Importer(815301076,1909f56bfc062723c751e8b465ee728b)  -> (artifact id: '21f11dc6c783a0e7fe63601be78e1eff') in 0.093731 seconds
Number of updated asset objects reloaded before import = 0
Number of asset objects unloaded after import = 2
========================================================================
Received Import Request.
  Time since last request: 0.056020 seconds.
  path: Packages/com.unity.purchasing/Icons/LinkBlack.png
  artifactKey: Guid(33d3dd2c39dfd49a3b2d36b20225624a) Importer(815301076,1909f56bfc062723c751e8b465ee728b)
Start importing Packages/com.unity.purchasing/Icons/LinkBlack.png using Guid(33d3dd2c39dfd49a3b2d36b20225624a) Importer(815301076,1909f56bfc062723c751e8b465ee728b)  -> (artifact id: '1ad57643f61fb2adb95f7ce5cbad52dd') in 0.022911 seconds
Number of updated asset objects reloaded before import = 0
Number of asset objects unloaded after import = 2
========================================================================
Received Import Request.
  Time since last request: 0.031172 seconds.
  path: Assets/Object/3D/Component/model/material_5.jpg
  artifactKey: Guid(224069bf381c5e244809626d3942e924) Importer(815301076,1909f56bfc062723c751e8b465ee728b)
Start importing Assets/Object/3D/Component/model/material_5.jpg using Guid(224069bf381c5e244809626d3942e924) Importer(815301076,1909f56bfc062723c751e8b465ee728b)  -> (artifact id: '6d66faea021aab09c346343ed975b05d') in 0.030797 seconds
Number of updated asset objects reloaded before import = 0
Number of asset objects unloaded after import = 2
========================================================================
Received Import Request.
  Time since last request: 0.000011 seconds.
  path: Assets/Object/3D/Component/model/material_4.jpg
  artifactKey: Guid(ed89062e8205c6646a6a1346e64ab75a) Importer(815301076,1909f56bfc062723c751e8b465ee728b)
Start importing Assets/Object/3D/Component/model/material_4.jpg using Guid(ed89062e8205c6646a6a1346e64ab75a) Importer(815301076,1909f56bfc062723c751e8b465ee728b)  -> (artifact id: '7fc43abeaa816b6be25b0292b0b32d06') in 0.029051 seconds
Number of updated asset objects reloaded before import = 0
Number of asset objects unloaded after import = 2
========================================================================
Received Import Request.
  Time since last request: 0.132740 seconds.
  path: Assets/Object/3D/Component/model/material_11.png
  artifactKey: Guid(efb712e416e34164a98fb3d28a0985d4) Importer(815301076,1909f56bfc062723c751e8b465ee728b)
Start importing Assets/Object/3D/Component/model/material_11.png using Guid(efb712e416e34164a98fb3d28a0985d4) Importer(815301076,1909f56bfc062723c751e8b465ee728b)  -> (artifact id: '161c21b498d8e3b87dd916bc4ca03b53') in 0.026190 seconds
Number of updated asset objects reloaded before import = 0
Number of asset objects unloaded after import = 2
========================================================================
Received Import Request.
  Time since last request: 0.050645 seconds.
  path: Assets/Object/3D/Component/model/material_15.jpg
  artifactKey: Guid(072e22edac410cc4689023a598161b87) Importer(815301076,1909f56bfc062723c751e8b465ee728b)
Start importing Assets/Object/3D/Component/model/material_15.jpg using Guid(072e22edac410cc4689023a598161b87) Importer(815301076,1909f56bfc062723c751e8b465ee728b)  -> (artifact id: '41f66261281aa05310485cf059986673') in 0.038998 seconds
Number of updated asset objects reloaded before import = 0
Number of asset objects unloaded after import = 2
Editor requested this worker to shutdown with reason: Scaling down because of idle timeout
TcpMessagingSession - receive error: operation aborted. errorcode: 995, details: 스레드 종료 또는 응용 프로그램 요청 때문에 I/O 작업이 취소되었습니다.
AssetImportWorker is now disconnected from the server
Process exiting
Exiting without the bug reporter. Application will terminate with return code 0