Using pre-set license
Built from '2022.3/staging' branch; Version is '2022.3.8f1 (b5eafc012955) revision 11922172'; Using compiler version '192829333'; Build Type 'Release'
OS: 'Windows 10  (10.0.19045) 64bit Professional' Language: 'ko' Physical Memory: 16291 MB
BatchMode: 1, IsHumanControllingUs: 0, StartBugReporterOnCrash: 0, Is64bit: 1, IsPro: 1

COMMAND LINE ARGUMENTS:
E:\Unity\Hub\Editor\2022.3.8f1\Editor\Unity.exe
-adb2
-batchMode
-noUpm
-name
AssetImportWorker0
-projectPath
E:/Opensource_Horror/Osogi_Play/My project
-logFile
Logs/AssetImportWorker0.log
-srvPort
9298
Successfully changed project path to: E:/Opensource_Horror/Osogi_Play/My project
E:/Opensource_Horror/Osogi_Play/My project
[UnityMemory] Configuration Parameters - Can be set up in boot.config
    "memorysetup-bucket-allocator-granularity=16"
    "memorysetup-bucket-allocator-bucket-count=8"
    "memorysetup-bucket-allocator-block-size=33554432"
    "memorysetup-bucket-allocator-block-count=8"
    "memorysetup-main-allocator-block-size=16777216"
    "memorysetup-thread-allocator-block-size=16777216"
    "memorysetup-gfx-main-allocator-block-size=16777216"
    "memorysetup-gfx-thread-allocator-block-size=16777216"
    "memorysetup-cache-allocator-block-size=4194304"
    "memorysetup-typetree-allocator-block-size=2097152"
    "memorysetup-profiler-bucket-allocator-granularity=16"
    "memorysetup-profiler-bucket-allocator-bucket-count=8"
    "memorysetup-profiler-bucket-allocator-block-size=33554432"
    "memorysetup-profiler-bucket-allocator-block-count=8"
    "memorysetup-profiler-allocator-block-size=16777216"
    "memorysetup-profiler-editor-allocator-block-size=1048576"
    "memorysetup-temp-allocator-size-main=16777216"
    "memorysetup-job-temp-allocator-block-size=2097152"
    "memorysetup-job-temp-allocator-block-size-background=1048576"
    "memorysetup-job-temp-allocator-reduction-small-platforms=262144"
    "memorysetup-allocator-temp-initial-block-size-main=262144"
    "memorysetup-allocator-temp-initial-block-size-worker=262144"
    "memorysetup-temp-allocator-size-background-worker=32768"
    "memorysetup-temp-allocator-size-job-worker=262144"
    "memorysetup-temp-allocator-size-preload-manager=33554432"
    "memorysetup-temp-allocator-size-nav-mesh-worker=65536"
    "memorysetup-temp-allocator-size-audio-worker=65536"
    "memorysetup-temp-allocator-size-cloud-worker=32768"
    "memorysetup-temp-allocator-size-gi-baking-worker=262144"
    "memorysetup-temp-allocator-size-gfx=262144"
Player connection [30232] Host "[IP] 192.168.0.2 [Port] 0 [Flags] 2 [Guid] 1335130846 [EditorId] 1335130846 [Version] 1048832 [Id] WindowsEditor(7,DESKTOP-3PHTMSA) [Debug] 1 [PackageName] WindowsEditor [ProjectName] Editor" joined multi-casting on [225.0.0.222:54997]...

Player connection [30232] Host "[IP] 192.168.0.2 [Port] 0 [Flags] 2 [Guid] 1335130846 [EditorId] 1335130846 [Version] 1048832 [Id] WindowsEditor(7,DESKTOP-3PHTMSA) [Debug] 1 [PackageName] WindowsEditor [ProjectName] Editor" joined alternative multi-casting on [225.0.0.222:34997]...

[Physics::Module] Initialized MultithreadedJobDispatcher with 11 workers.
Refreshing native plugins compatible for Editor in 1261.15 ms, found 2 plugins.
Preloading 0 native plugins for Editor in 0.00 ms.
Initialize engine version: 2022.3.8f1 (b5eafc012955)
[Subsystems] Discovering subsystems at path E:/Unity/Hub/Editor/2022.3.8f1/Editor/Data/Resources/UnitySubsystems
[Subsystems] Discovering subsystems at path E:/Opensource_Horror/Osogi_Play/My project/Assets
GfxDevice: creating device client; threaded=0; jobified=0
Direct3D:
    Version:  Direct3D 11.0 [level 11.1]
    Renderer: NVIDIA GeForce RTX 2060 (ID=0x1e89)
    Vendor:   NVIDIA
    VRAM:     5958 MB
    Driver:   31.0.15.4617
Initialize mono
Mono path[0] = 'E:/Unity/Hub/Editor/2022.3.8f1/Editor/Data/Managed'
Mono path[1] = 'E:/Unity/Hub/Editor/2022.3.8f1/Editor/Data/MonoBleedingEdge/lib/mono/unityjit-win32'
Mono config path = 'E:/Unity/Hub/Editor/2022.3.8f1/Editor/Data/MonoBleedingEdge/etc'
Using monoOptions --debugger-agent=transport=dt_socket,embedding=1,server=y,suspend=n,address=127.0.0.1:56228
Begin MonoManager ReloadAssembly
Registering precompiled unity dll's ...
Register platform support module: E:/Unity/Hub/Editor/2022.3.8f1/Editor/Data/PlaybackEngines/WindowsStandaloneSupport/UnityEditor.WindowsStandalone.Extensions.dll
Registered in 0.014045 seconds.
- Loaded All Assemblies, in  0.469 seconds
Native extension for WindowsStandalone target not found
Mono: successfully reloaded assembly
- Finished resetting the current domain, in  0.272 seconds
Domain Reload Profiling: 735ms
	BeginReloadAssembly (185ms)
		ExecutionOrderSort (0ms)
		DisableScriptedObjects (0ms)
		BackupInstance (0ms)
		ReleaseScriptingObjects (0ms)
		CreateAndSetChildDomain (1ms)
	RebuildCommonClasses (36ms)
	RebuildNativeTypeToScriptingClass (11ms)
	initialDomainReloadingComplete (74ms)
	LoadAllAssembliesAndSetupDomain (157ms)
		LoadAssemblies (182ms)
		RebuildTransferFunctionScriptingTraits (0ms)
		AnalyzeDomain (154ms)
			TypeCache.Refresh (152ms)
				TypeCache.ScanAssembly (131ms)
			ScanForSourceGeneratedMonoScriptInfo (1ms)
			ResolveRequiredComponents (1ms)
	FinalizeReload (273ms)
		ReleaseScriptCaches (0ms)
		RebuildScriptCaches (0ms)
		SetupLoadedEditorAssemblies (213ms)
			LogAssemblyErrors (0ms)
			InitializePlatformSupportModulesInManaged (11ms)
			SetLoadedEditorAssemblies (7ms)
			RefreshPlugins (0ms)
			BeforeProcessingInitializeOnLoad (2ms)
			ProcessInitializeOnLoadAttributes (137ms)
			ProcessInitializeOnLoadMethodAttributes (56ms)
			AfterProcessingInitializeOnLoad (0ms)
			EditorAssembliesLoaded (0ms)
		ExecutionOrderSort2 (0ms)
		AwakeInstancesAfterBackupRestoration (0ms)
========================================================================
Worker process is ready to serve import requests
Begin MonoManager ReloadAssembly
Symbol file LoadedFromMemory is not a mono symbol file
- Loaded All Assemblies, in  1.383 seconds
Refreshing native plugins compatible for Editor in 13.47 ms, found 2 plugins.
Native extension for WindowsStandalone target not found
Package Manager log level set to [2]
[Package Manager] Server::EnsureServerProcessIsRunning -- launch failed, reason: Unity was launched with the -noUpm command-line argument
[Package Manager] UpmClient::Send -- Unable to send message (not connected to UPM process).
[Package Manager] Cannot connect to Unity Package Manager local server
Mono: successfully reloaded assembly
- Finished resetting the current domain, in  0.707 seconds
Domain Reload Profiling: 2084ms
	BeginReloadAssembly (206ms)
		ExecutionOrderSort (0ms)
		DisableScriptedObjects (5ms)
		BackupInstance (0ms)
		ReleaseScriptingObjects (0ms)
		CreateAndSetChildDomain (20ms)
	RebuildCommonClasses (40ms)
	RebuildNativeTypeToScriptingClass (10ms)
	initialDomainReloadingComplete (48ms)
	LoadAllAssembliesAndSetupDomain (1072ms)
		LoadAssemblies (1072ms)
		RebuildTransferFunctionScriptingTraits (0ms)
		AnalyzeDomain (144ms)
			TypeCache.Refresh (121ms)
				TypeCache.ScanAssembly (100ms)
			ScanForSourceGeneratedMonoScriptInfo (18ms)
			ResolveRequiredComponents (4ms)
	FinalizeReload (708ms)
		ReleaseScriptCaches (0ms)
		RebuildScriptCaches (0ms)
		SetupLoadedEditorAssemblies (556ms)
			LogAssemblyErrors (0ms)
			InitializePlatformSupportModulesInManaged (7ms)
			SetLoadedEditorAssemblies (3ms)
			RefreshPlugins (0ms)
			BeforeProcessingInitializeOnLoad (72ms)
			ProcessInitializeOnLoadAttributes (285ms)
			ProcessInitializeOnLoadMethodAttributes (176ms)
			AfterProcessingInitializeOnLoad (12ms)
			EditorAssembliesLoaded (0ms)
		ExecutionOrderSort2 (0ms)
		AwakeInstancesAfterBackupRestoration (14ms)
Launched and connected shader compiler UnityShaderCompiler.exe after 0.07 seconds
Refreshing native plugins compatible for Editor in 20.26 ms, found 2 plugins.
Preloading 0 native plugins for Editor in 0.00 ms.
Unloading 2504 Unused Serialized files (Serialized files now loaded: 0)
Unloading 60 unused Assets / (68.2 KB). Loaded Objects now: 2948.
Memory consumption went from 101.4 MB to 101.4 MB.
Total: 5.973400 ms (FindLiveObjects: 0.213100 ms CreateObjectMapping: 0.173000 ms MarkObjects: 5.469900 ms  DeleteObjects: 0.116000 ms)

AssetImportParameters requested are different than current active one (requested -> active):
  custom:video-decoder-webm-vp8: 9c59270c3fd7afecdb556c50c9e8de78 -> 
  custom:SearchIndexIgnoredProperties: e643bd26f0fe6173181afceb89e7c659 -> 
  custom:container-demuxer-ogg: 62fdf1f143b41e24485cea50d1cbac27 -> 
  custom:AudioImporter_EditorPlatform: d09bf68614088b80899f8185d706f6e7 -> 
  custom:video-decoder-ogg-theora: a1e56fd34408186e4bbccfd4996cb3dc -> 
  custom:framework-win-MediaFoundation: 216162199b28c13a410421893ffa2e32 -> 
  custom:video-encoder-webm-vp8: eb34c28f22e8b96e1ab97ce403110664 -> 
  custom:audio-decoder-ogg-vorbis: bf7c407c2cedff20999df2af8eb42d56 -> 
  custom:CustomObjectIndexerAttribute: 756ad292c208cfabdd7b50bc23989ffe -> 
  custom:container-demuxer-webm: 4f35f7cbe854078d1ac9338744f61a02 -> 
  custom:audio-encoder-webm-vorbis: bf7c407c2cedff20999df2af8eb42d56 -> 
  custom:container-muxer-webm: aa71ff27fc2769a1b78a27578f13a17b -> 
========================================================================
Received Import Request.
  Time since last request: 86480.854294 seconds.
  path: Assets/Scene
  artifactKey: Guid(4f704ae4b4f98ae41a0bce26658850c1) Importer(815301076,1909f56bfc062723c751e8b465ee728b)
Start importing Assets/Scene using Guid(4f704ae4b4f98ae41a0bce26658850c1) Importer(815301076,1909f56bfc062723c751e8b465ee728b)  -> (artifact id: '9a730f5d1122d445c4704b8443e76b64') in 0.002632 seconds
Number of updated asset objects reloaded before import = 0
Number of asset objects unloaded after import = 0
========================================================================
Received Import Request.
  Time since last request: 0.000023 seconds.
  path: Assets/Scene/End0-3.unity
  artifactKey: Guid(50a94ed8cdad539429d61e5d95c5b478) Importer(815301076,1909f56bfc062723c751e8b465ee728b)
Start importing Assets/Scene/End0-3.unity using Guid(50a94ed8cdad539429d61e5d95c5b478) Importer(815301076,1909f56bfc062723c751e8b465ee728b)  -> (artifact id: '5c16484795562740b7f140619071b018') in 0.000597 seconds
Number of updated asset objects reloaded before import = 0
Number of asset objects unloaded after import = 0
========================================================================
Received Import Request.
  Time since last request: 8.457130 seconds.
  path: Assets/Scene/Start0.unity
  artifactKey: Guid(2a74fa9f39aff674fbb05c33693a4a33) Importer(815301076,1909f56bfc062723c751e8b465ee728b)
Start importing Assets/Scene/Start0.unity using Guid(2a74fa9f39aff674fbb05c33693a4a33) Importer(815301076,1909f56bfc062723c751e8b465ee728b)  -> (artifact id: 'a264cae86c07c4e98e2e46ff3741695e') in 0.000489 seconds
Number of updated asset objects reloaded before import = 0
Number of asset objects unloaded after import = 0
========================================================================
Received Prepare
Begin MonoManager ReloadAssembly
Symbol file LoadedFromMemory is not a mono symbol file
- Loaded All Assemblies, in  0.962 seconds
Refreshing native plugins compatible for Editor in 15.28 ms, found 2 plugins.
Native extension for WindowsStandalone target not found
[Package Manager] Server::EnsureServerProcessIsRunning -- launch failed, reason: Unity was launched with the -noUpm command-line argument
[Package Manager] UpmClient::Send -- Unable to send message (not connected to UPM process).
[Package Manager] Cannot connect to Unity Package Manager local server
Mono: successfully reloaded assembly
- Finished resetting the current domain, in  1.155 seconds
Domain Reload Profiling: 2109ms
	BeginReloadAssembly (548ms)
		ExecutionOrderSort (0ms)
		DisableScriptedObjects (6ms)
		BackupInstance (0ms)
		ReleaseScriptingObjects (0ms)
		CreateAndSetChildDomain (30ms)
	RebuildCommonClasses (39ms)
	RebuildNativeTypeToScriptingClass (11ms)
	initialDomainReloadingComplete (39ms)
	LoadAllAssembliesAndSetupDomain (318ms)
		LoadAssemblies (461ms)
		RebuildTransferFunctionScriptingTraits (0ms)
		AnalyzeDomain (12ms)
			TypeCache.Refresh (7ms)
				TypeCache.ScanAssembly (0ms)
			ScanForSourceGeneratedMonoScriptInfo (0ms)
			ResolveRequiredComponents (4ms)
	FinalizeReload (1155ms)
		ReleaseScriptCaches (0ms)
		RebuildScriptCaches (0ms)
		SetupLoadedEditorAssemblies (530ms)
			LogAssemblyErrors (0ms)
			InitializePlatformSupportModulesInManaged (8ms)
			SetLoadedEditorAssemblies (4ms)
			RefreshPlugins (0ms)
			BeforeProcessingInitializeOnLoad (80ms)
			ProcessInitializeOnLoadAttributes (257ms)
			ProcessInitializeOnLoadMethodAttributes (166ms)
			AfterProcessingInitializeOnLoad (15ms)
			EditorAssembliesLoaded (0ms)
		ExecutionOrderSort2 (0ms)
		AwakeInstancesAfterBackupRestoration (17ms)
Refreshing native plugins compatible for Editor in 15.48 ms, found 2 plugins.
Preloading 0 native plugins for Editor in 0.00 ms.
Unloading 2497 Unused Serialized files (Serialized files now loaded: 0)
Unloading 51 unused Assets / (42.6 KB). Loaded Objects now: 2951.
Memory consumption went from 100.0 MB to 100.0 MB.
Total: 5.731900 ms (FindLiveObjects: 0.207900 ms CreateObjectMapping: 0.155400 ms MarkObjects: 5.290400 ms  DeleteObjects: 0.077100 ms)

Prepare: number of updated asset objects reloaded= 0
AssetImportParameters requested are different than current active one (requested -> active):
  custom:video-decoder-webm-vp8: 9c59270c3fd7afecdb556c50c9e8de78 -> 
  custom:SearchIndexIgnoredProperties: e643bd26f0fe6173181afceb89e7c659 -> 
  custom:container-demuxer-ogg: 62fdf1f143b41e24485cea50d1cbac27 -> 
  custom:AudioImporter_EditorPlatform: d09bf68614088b80899f8185d706f6e7 -> 
  custom:video-decoder-ogg-theora: a1e56fd34408186e4bbccfd4996cb3dc -> 
  custom:framework-win-MediaFoundation: 216162199b28c13a410421893ffa2e32 -> 
  custom:video-encoder-webm-vp8: eb34c28f22e8b96e1ab97ce403110664 -> 
  custom:audio-decoder-ogg-vorbis: bf7c407c2cedff20999df2af8eb42d56 -> 
  custom:CustomObjectIndexerAttribute: 756ad292c208cfabdd7b50bc23989ffe -> 
  custom:container-demuxer-webm: 4f35f7cbe854078d1ac9338744f61a02 -> 
  custom:audio-encoder-webm-vorbis: bf7c407c2cedff20999df2af8eb42d56 -> 
  custom:container-muxer-webm: aa71ff27fc2769a1b78a27578f13a17b -> 
========================================================================
Received Import Request.
  Time since last request: 30.523899 seconds.
  path: Assets/Scene/Game0.unity
  artifactKey: Guid(d1b64c0d6edaf7d41bf6726ec2b0d505) Importer(815301076,1909f56bfc062723c751e8b465ee728b)
Start importing Assets/Scene/Game0.unity using Guid(d1b64c0d6edaf7d41bf6726ec2b0d505) Importer(815301076,1909f56bfc062723c751e8b465ee728b)  -> (artifact id: 'd2a5074e769571157fadf4aaea53eacb') in 0.002331 seconds
Number of updated asset objects reloaded before import = 0
Number of asset objects unloaded after import = 0
========================================================================
Received Prepare
Begin MonoManager ReloadAssembly
Symbol file LoadedFromMemory is not a mono symbol file
- Loaded All Assemblies, in  0.986 seconds
Refreshing native plugins compatible for Editor in 15.95 ms, found 2 plugins.
Native extension for WindowsStandalone target not found
[Package Manager] Server::EnsureServerProcessIsRunning -- launch failed, reason: Unity was launched with the -noUpm command-line argument
[Package Manager] UpmClient::Send -- Unable to send message (not connected to UPM process).
[Package Manager] Cannot connect to Unity Package Manager local server
Mono: successfully reloaded assembly
- Finished resetting the current domain, in  1.225 seconds
Domain Reload Profiling: 2204ms
	BeginReloadAssembly (578ms)
		ExecutionOrderSort (0ms)
		DisableScriptedObjects (6ms)
		BackupInstance (0ms)
		ReleaseScriptingObjects (0ms)
		CreateAndSetChildDomain (29ms)
	RebuildCommonClasses (35ms)
	RebuildNativeTypeToScriptingClass (12ms)
	initialDomainReloadingComplete (39ms)
	LoadAllAssembliesAndSetupDomain (315ms)
		LoadAssemblies (468ms)
		RebuildTransferFunctionScriptingTraits (0ms)
		AnalyzeDomain (11ms)
			TypeCache.Refresh (6ms)
				TypeCache.ScanAssembly (0ms)
			ScanForSourceGeneratedMonoScriptInfo (0ms)
			ResolveRequiredComponents (4ms)
	FinalizeReload (1226ms)
		ReleaseScriptCaches (0ms)
		RebuildScriptCaches (0ms)
		SetupLoadedEditorAssemblies (574ms)
			LogAssemblyErrors (0ms)
			InitializePlatformSupportModulesInManaged (10ms)
			SetLoadedEditorAssemblies (5ms)
			RefreshPlugins (0ms)
			BeforeProcessingInitializeOnLoad (82ms)
			ProcessInitializeOnLoadAttributes (271ms)
			ProcessInitializeOnLoadMethodAttributes (192ms)
			AfterProcessingInitializeOnLoad (14ms)
			EditorAssembliesLoaded (0ms)
		ExecutionOrderSort2 (0ms)
		AwakeInstancesAfterBackupRestoration (18ms)
Refreshing native plugins compatible for Editor in 15.68 ms, found 2 plugins.
Preloading 0 native plugins for Editor in 0.00 ms.
Unloading 2497 Unused Serialized files (Serialized files now loaded: 0)
Unloading 51 unused Assets / (42.6 KB). Loaded Objects now: 2954.
Memory consumption went from 100.0 MB to 100.0 MB.
Total: 6.377700 ms (FindLiveObjects: 0.200300 ms CreateObjectMapping: 0.184800 ms MarkObjects: 5.927700 ms  DeleteObjects: 0.064300 ms)

Prepare: number of updated asset objects reloaded= 0
AssetImportParameters requested are different than current active one (requested -> active):
  custom:video-decoder-webm-vp8: 9c59270c3fd7afecdb556c50c9e8de78 -> 
  custom:SearchIndexIgnoredProperties: e643bd26f0fe6173181afceb89e7c659 -> 
  custom:container-demuxer-ogg: 62fdf1f143b41e24485cea50d1cbac27 -> 
  custom:AudioImporter_EditorPlatform: d09bf68614088b80899f8185d706f6e7 -> 
  custom:video-decoder-ogg-theora: a1e56fd34408186e4bbccfd4996cb3dc -> 
  custom:framework-win-MediaFoundation: 216162199b28c13a410421893ffa2e32 -> 
  custom:video-encoder-webm-vp8: eb34c28f22e8b96e1ab97ce403110664 -> 
  custom:audio-decoder-ogg-vorbis: bf7c407c2cedff20999df2af8eb42d56 -> 
  custom:CustomObjectIndexerAttribute: 756ad292c208cfabdd7b50bc23989ffe -> 
  custom:container-demuxer-webm: 4f35f7cbe854078d1ac9338744f61a02 -> 
  custom:audio-encoder-webm-vorbis: bf7c407c2cedff20999df2af8eb42d56 -> 
  custom:container-muxer-webm: aa71ff27fc2769a1b78a27578f13a17b -> 
========================================================================
Received Import Request.
  Time since last request: 27.127694 seconds.
  path: Assets/Scene/Game1.unity
  artifactKey: Guid(b1d60a2a3a13e4640a857d7af0d57a41) Importer(815301076,1909f56bfc062723c751e8b465ee728b)
Start importing Assets/Scene/Game1.unity using Guid(b1d60a2a3a13e4640a857d7af0d57a41) Importer(815301076,1909f56bfc062723c751e8b465ee728b)  -> (artifact id: '900002bf2033e5e10f53513e56069d2e') in 0.001684 seconds
Number of updated asset objects reloaded before import = 0
Number of asset objects unloaded after import = 0
========================================================================
Received Prepare
Begin MonoManager ReloadAssembly
Symbol file LoadedFromMemory is not a mono symbol file
- Loaded All Assemblies, in  1.140 seconds
Refreshing native plugins compatible for Editor in 15.08 ms, found 2 plugins.
Native extension for WindowsStandalone target not found
[Package Manager] Server::EnsureServerProcessIsRunning -- launch failed, reason: Unity was launched with the -noUpm command-line argument
[Package Manager] UpmClient::Send -- Unable to send message (not connected to UPM process).
[Package Manager] Cannot connect to Unity Package Manager local server
Mono: successfully reloaded assembly
- Finished resetting the current domain, in  1.183 seconds
Domain Reload Profiling: 2315ms
	BeginReloadAssembly (711ms)
		ExecutionOrderSort (0ms)
		DisableScriptedObjects (6ms)
		BackupInstance (0ms)
		ReleaseScriptingObjects (0ms)
		CreateAndSetChildDomain (34ms)
	RebuildCommonClasses (39ms)
	RebuildNativeTypeToScriptingClass (11ms)
	initialDomainReloadingComplete (38ms)
	LoadAllAssembliesAndSetupDomain (331ms)
		LoadAssemblies (588ms)
		RebuildTransferFunctionScriptingTraits (0ms)
		AnalyzeDomain (12ms)
			TypeCache.Refresh (7ms)
				TypeCache.ScanAssembly (0ms)
			ScanForSourceGeneratedMonoScriptInfo (0ms)
			ResolveRequiredComponents (3ms)
	FinalizeReload (1184ms)
		ReleaseScriptCaches (0ms)
		RebuildScriptCaches (0ms)
		SetupLoadedEditorAssemblies (552ms)
			LogAssemblyErrors (0ms)
			InitializePlatformSupportModulesInManaged (9ms)
			SetLoadedEditorAssemblies (5ms)
			RefreshPlugins (0ms)
			BeforeProcessingInitializeOnLoad (83ms)
			ProcessInitializeOnLoadAttributes (267ms)
			ProcessInitializeOnLoadMethodAttributes (171ms)
			AfterProcessingInitializeOnLoad (17ms)
			EditorAssembliesLoaded (0ms)
		ExecutionOrderSort2 (0ms)
		AwakeInstancesAfterBackupRestoration (17ms)
Refreshing native plugins compatible for Editor in 17.34 ms, found 2 plugins.
Preloading 0 native plugins for Editor in 0.00 ms.
Unloading 2497 Unused Serialized files (Serialized files now loaded: 0)
Unloading 51 unused Assets / (42.5 KB). Loaded Objects now: 2957.
Memory consumption went from 100.0 MB to 100.0 MB.
Total: 6.022700 ms (FindLiveObjects: 0.245000 ms CreateObjectMapping: 0.276100 ms MarkObjects: 5.424100 ms  DeleteObjects: 0.076700 ms)

Prepare: number of updated asset objects reloaded= 0
AssetImportParameters requested are different than current active one (requested -> active):
  custom:video-decoder-webm-vp8: 9c59270c3fd7afecdb556c50c9e8de78 -> 
  custom:SearchIndexIgnoredProperties: e643bd26f0fe6173181afceb89e7c659 -> 
  custom:container-demuxer-ogg: 62fdf1f143b41e24485cea50d1cbac27 -> 
  custom:AudioImporter_EditorPlatform: d09bf68614088b80899f8185d706f6e7 -> 
  custom:video-decoder-ogg-theora: a1e56fd34408186e4bbccfd4996cb3dc -> 
  custom:framework-win-MediaFoundation: 216162199b28c13a410421893ffa2e32 -> 
  custom:video-encoder-webm-vp8: eb34c28f22e8b96e1ab97ce403110664 -> 
  custom:audio-decoder-ogg-vorbis: bf7c407c2cedff20999df2af8eb42d56 -> 
  custom:CustomObjectIndexerAttribute: 756ad292c208cfabdd7b50bc23989ffe -> 
  custom:container-demuxer-webm: 4f35f7cbe854078d1ac9338744f61a02 -> 
  custom:audio-encoder-webm-vorbis: bf7c407c2cedff20999df2af8eb42d56 -> 
  custom:container-muxer-webm: aa71ff27fc2769a1b78a27578f13a17b -> 
========================================================================
Received Prepare
Begin MonoManager ReloadAssembly
Symbol file LoadedFromMemory is not a mono symbol file
- Loaded All Assemblies, in  1.064 seconds
Refreshing native plugins compatible for Editor in 15.96 ms, found 2 plugins.
Native extension for WindowsStandalone target not found
[Package Manager] Server::EnsureServerProcessIsRunning -- launch failed, reason: Unity was launched with the -noUpm command-line argument
[Package Manager] UpmClient::Send -- Unable to send message (not connected to UPM process).
[Package Manager] Cannot connect to Unity Package Manager local server
Mono: successfully reloaded assembly
- Finished resetting the current domain, in  1.255 seconds
Domain Reload Profiling: 2311ms
	BeginReloadAssembly (602ms)
		ExecutionOrderSort (0ms)
		DisableScriptedObjects (7ms)
		BackupInstance (0ms)
		ReleaseScriptingObjects (0ms)
		CreateAndSetChildDomain (45ms)
	RebuildCommonClasses (36ms)
	RebuildNativeTypeToScriptingClass (12ms)
	initialDomainReloadingComplete (42ms)
	LoadAllAssembliesAndSetupDomain (363ms)
		LoadAssemblies (514ms)
		RebuildTransferFunctionScriptingTraits (0ms)
		AnalyzeDomain (12ms)
			TypeCache.Refresh (6ms)
				TypeCache.ScanAssembly (0ms)
			ScanForSourceGeneratedMonoScriptInfo (0ms)
			ResolveRequiredComponents (5ms)
	FinalizeReload (1256ms)
		ReleaseScriptCaches (0ms)
		RebuildScriptCaches (0ms)
		SetupLoadedEditorAssemblies (587ms)
			LogAssemblyErrors (0ms)
			InitializePlatformSupportModulesInManaged (9ms)
			SetLoadedEditorAssemblies (4ms)
			RefreshPlugins (0ms)
			BeforeProcessingInitializeOnLoad (83ms)
			ProcessInitializeOnLoadAttributes (295ms)
			ProcessInitializeOnLoadMethodAttributes (180ms)
			AfterProcessingInitializeOnLoad (15ms)
			EditorAssembliesLoaded (0ms)
		ExecutionOrderSort2 (0ms)
		AwakeInstancesAfterBackupRestoration (19ms)
Refreshing native plugins compatible for Editor in 16.65 ms, found 2 plugins.
Preloading 0 native plugins for Editor in 0.00 ms.
Unloading 2498 Unused Serialized files (Serialized files now loaded: 0)
Unloading 51 unused Assets / (42.5 KB). Loaded Objects now: 2960.
Memory consumption went from 100.3 MB to 100.2 MB.
Total: 7.073000 ms (FindLiveObjects: 0.236600 ms CreateObjectMapping: 0.189400 ms MarkObjects: 6.565600 ms  DeleteObjects: 0.080600 ms)

Prepare: number of updated asset objects reloaded= 0
AssetImportParameters requested are different than current active one (requested -> active):
  custom:video-decoder-webm-vp8: 9c59270c3fd7afecdb556c50c9e8de78 -> 
  custom:SearchIndexIgnoredProperties: e643bd26f0fe6173181afceb89e7c659 -> 
  custom:container-demuxer-ogg: 62fdf1f143b41e24485cea50d1cbac27 -> 
  custom:AudioImporter_EditorPlatform: d09bf68614088b80899f8185d706f6e7 -> 
  custom:video-decoder-ogg-theora: a1e56fd34408186e4bbccfd4996cb3dc -> 
  custom:framework-win-MediaFoundation: 216162199b28c13a410421893ffa2e32 -> 
  custom:video-encoder-webm-vp8: eb34c28f22e8b96e1ab97ce403110664 -> 
  custom:audio-decoder-ogg-vorbis: bf7c407c2cedff20999df2af8eb42d56 -> 
  custom:CustomObjectIndexerAttribute: 756ad292c208cfabdd7b50bc23989ffe -> 
  custom:container-demuxer-webm: 4f35f7cbe854078d1ac9338744f61a02 -> 
  custom:audio-encoder-webm-vorbis: bf7c407c2cedff20999df2af8eb42d56 -> 
  custom:container-muxer-webm: aa71ff27fc2769a1b78a27578f13a17b -> 
========================================================================
Received Prepare
Begin MonoManager ReloadAssembly
Symbol file LoadedFromMemory is not a mono symbol file
- Loaded All Assemblies, in  1.027 seconds
Refreshing native plugins compatible for Editor in 16.34 ms, found 2 plugins.
Native extension for WindowsStandalone target not found
[Package Manager] Server::EnsureServerProcessIsRunning -- launch failed, reason: Unity was launched with the -noUpm command-line argument
[Package Manager] UpmClient::Send -- Unable to send message (not connected to UPM process).
[Package Manager] Cannot connect to Unity Package Manager local server
Mono: successfully reloaded assembly
- Finished resetting the current domain, in  1.221 seconds
Domain Reload Profiling: 2237ms
	BeginReloadAssembly (579ms)
		ExecutionOrderSort (0ms)
		DisableScriptedObjects (9ms)
		BackupInstance (0ms)
		ReleaseScriptingObjects (0ms)
		CreateAndSetChildDomain (32ms)
	RebuildCommonClasses (40ms)
	RebuildNativeTypeToScriptingClass (13ms)
	initialDomainReloadingComplete (43ms)
	LoadAllAssembliesAndSetupDomain (340ms)
		LoadAssemblies (495ms)
		RebuildTransferFunctionScriptingTraits (0ms)
		AnalyzeDomain (12ms)
			TypeCache.Refresh (7ms)
				TypeCache.ScanAssembly (0ms)
			ScanForSourceGeneratedMonoScriptInfo (0ms)
			ResolveRequiredComponents (4ms)
	FinalizeReload (1221ms)
		ReleaseScriptCaches (0ms)
		RebuildScriptCaches (0ms)
		SetupLoadedEditorAssemblies (570ms)
			LogAssemblyErrors (0ms)
			InitializePlatformSupportModulesInManaged (9ms)
			SetLoadedEditorAssemblies (4ms)
			RefreshPlugins (0ms)
			BeforeProcessingInitializeOnLoad (87ms)
			ProcessInitializeOnLoadAttributes (270ms)
			ProcessInitializeOnLoadMethodAttributes (185ms)
			AfterProcessingInitializeOnLoad (15ms)
			EditorAssembliesLoaded (0ms)
		ExecutionOrderSort2 (0ms)
		AwakeInstancesAfterBackupRestoration (17ms)
Refreshing native plugins compatible for Editor in 16.24 ms, found 2 plugins.
Preloading 0 native plugins for Editor in 0.00 ms.
Unloading 2498 Unused Serialized files (Serialized files now loaded: 0)
Unloading 51 unused Assets / (42.5 KB). Loaded Objects now: 2963.
Memory consumption went from 100.3 MB to 100.2 MB.
Total: 6.114700 ms (FindLiveObjects: 0.217600 ms CreateObjectMapping: 0.217800 ms MarkObjects: 5.615700 ms  DeleteObjects: 0.062700 ms)

Prepare: number of updated asset objects reloaded= 0
AssetImportParameters requested are different than current active one (requested -> active):
  custom:video-decoder-webm-vp8: 9c59270c3fd7afecdb556c50c9e8de78 -> 
  custom:SearchIndexIgnoredProperties: e643bd26f0fe6173181afceb89e7c659 -> 
  custom:container-demuxer-ogg: 62fdf1f143b41e24485cea50d1cbac27 -> 
  custom:AudioImporter_EditorPlatform: d09bf68614088b80899f8185d706f6e7 -> 
  custom:video-decoder-ogg-theora: a1e56fd34408186e4bbccfd4996cb3dc -> 
  custom:framework-win-MediaFoundation: 216162199b28c13a410421893ffa2e32 -> 
  custom:video-encoder-webm-vp8: eb34c28f22e8b96e1ab97ce403110664 -> 
  custom:audio-decoder-ogg-vorbis: bf7c407c2cedff20999df2af8eb42d56 -> 
  custom:CustomObjectIndexerAttribute: 756ad292c208cfabdd7b50bc23989ffe -> 
  custom:container-demuxer-webm: 4f35f7cbe854078d1ac9338744f61a02 -> 
  custom:audio-encoder-webm-vorbis: bf7c407c2cedff20999df2af8eb42d56 -> 
  custom:container-muxer-webm: aa71ff27fc2769a1b78a27578f13a17b -> 
========================================================================
Received Prepare
Begin MonoManager ReloadAssembly
Symbol file LoadedFromMemory is not a mono symbol file
- Loaded All Assemblies, in  1.101 seconds
Refreshing native plugins compatible for Editor in 16.78 ms, found 2 plugins.
Native extension for WindowsStandalone target not found
[Package Manager] Server::EnsureServerProcessIsRunning -- launch failed, reason: Unity was launched with the -noUpm command-line argument
[Package Manager] UpmClient::Send -- Unable to send message (not connected to UPM process).
[Package Manager] Cannot connect to Unity Package Manager local server
Mono: successfully reloaded assembly
- Finished resetting the current domain, in  1.270 seconds
Domain Reload Profiling: 2362ms
	BeginReloadAssembly (580ms)
		ExecutionOrderSort (0ms)
		DisableScriptedObjects (7ms)
		BackupInstance (0ms)
		ReleaseScriptingObjects (0ms)
		CreateAndSetChildDomain (39ms)
	RebuildCommonClasses (42ms)
	RebuildNativeTypeToScriptingClass (13ms)
	initialDomainReloadingComplete (47ms)
	LoadAllAssembliesAndSetupDomain (410ms)
		LoadAssemblies (557ms)
		RebuildTransferFunctionScriptingTraits (0ms)
		AnalyzeDomain (10ms)
			TypeCache.Refresh (6ms)
				TypeCache.ScanAssembly (0ms)
			ScanForSourceGeneratedMonoScriptInfo (0ms)
			ResolveRequiredComponents (4ms)
	FinalizeReload (1270ms)
		ReleaseScriptCaches (0ms)
		RebuildScriptCaches (0ms)
		SetupLoadedEditorAssemblies (600ms)
			LogAssemblyErrors (0ms)
			InitializePlatformSupportModulesInManaged (8ms)
			SetLoadedEditorAssemblies (5ms)
			RefreshPlugins (0ms)
			BeforeProcessingInitializeOnLoad (90ms)
			ProcessInitializeOnLoadAttributes (291ms)
			ProcessInitializeOnLoadMethodAttributes (191ms)
			AfterProcessingInitializeOnLoad (15ms)
			EditorAssembliesLoaded (0ms)
		ExecutionOrderSort2 (0ms)
		AwakeInstancesAfterBackupRestoration (16ms)
Refreshing native plugins compatible for Editor in 16.88 ms, found 2 plugins.
Preloading 0 native plugins for Editor in 0.00 ms.
Unloading 2498 Unused Serialized files (Serialized files now loaded: 0)
Unloading 51 unused Assets / (42.5 KB). Loaded Objects now: 2966.
Memory consumption went from 100.3 MB to 100.2 MB.
Total: 7.088900 ms (FindLiveObjects: 0.215900 ms CreateObjectMapping: 0.188300 ms MarkObjects: 6.606300 ms  DeleteObjects: 0.077200 ms)

Prepare: number of updated asset objects reloaded= 0
AssetImportParameters requested are different than current active one (requested -> active):
  custom:video-decoder-webm-vp8: 9c59270c3fd7afecdb556c50c9e8de78 -> 
  custom:SearchIndexIgnoredProperties: e643bd26f0fe6173181afceb89e7c659 -> 
  custom:container-demuxer-ogg: 62fdf1f143b41e24485cea50d1cbac27 -> 
  custom:AudioImporter_EditorPlatform: d09bf68614088b80899f8185d706f6e7 -> 
  custom:video-decoder-ogg-theora: a1e56fd34408186e4bbccfd4996cb3dc -> 
  custom:framework-win-MediaFoundation: 216162199b28c13a410421893ffa2e32 -> 
  custom:video-encoder-webm-vp8: eb34c28f22e8b96e1ab97ce403110664 -> 
  custom:audio-decoder-ogg-vorbis: bf7c407c2cedff20999df2af8eb42d56 -> 
  custom:CustomObjectIndexerAttribute: 756ad292c208cfabdd7b50bc23989ffe -> 
  custom:container-demuxer-webm: 4f35f7cbe854078d1ac9338744f61a02 -> 
  custom:audio-encoder-webm-vorbis: bf7c407c2cedff20999df2af8eb42d56 -> 
  custom:container-muxer-webm: aa71ff27fc2769a1b78a27578f13a17b -> 
========================================================================
Received Prepare
Begin MonoManager ReloadAssembly
Symbol file LoadedFromMemory is not a mono symbol file
- Loaded All Assemblies, in  1.063 seconds
Refreshing native plugins compatible for Editor in 15.67 ms, found 2 plugins.
Native extension for WindowsStandalone target not found
[Package Manager] Server::EnsureServerProcessIsRunning -- launch failed, reason: Unity was launched with the -noUpm command-line argument
[Package Manager] UpmClient::Send -- Unable to send message (not connected to UPM process).
[Package Manager] Cannot connect to Unity Package Manager local server
Mono: successfully reloaded assembly
- Finished resetting the current domain, in  1.241 seconds
Domain Reload Profiling: 2297ms
	BeginReloadAssembly (596ms)
		ExecutionOrderSort (0ms)
		DisableScriptedObjects (9ms)
		BackupInstance (0ms)
		ReleaseScriptingObjects (0ms)
		CreateAndSetChildDomain (45ms)
	RebuildCommonClasses (37ms)
	RebuildNativeTypeToScriptingClass (13ms)
	initialDomainReloadingComplete (45ms)
	LoadAllAssembliesAndSetupDomain (364ms)
		LoadAssemblies (512ms)
		RebuildTransferFunctionScriptingTraits (0ms)
		AnalyzeDomain (11ms)
			TypeCache.Refresh (6ms)
				TypeCache.ScanAssembly (0ms)
			ScanForSourceGeneratedMonoScriptInfo (0ms)
			ResolveRequiredComponents (4ms)
	FinalizeReload (1242ms)
		ReleaseScriptCaches (0ms)
		RebuildScriptCaches (0ms)
		SetupLoadedEditorAssemblies (583ms)
			LogAssemblyErrors (0ms)
			InitializePlatformSupportModulesInManaged (9ms)
			SetLoadedEditorAssemblies (4ms)
			RefreshPlugins (0ms)
			BeforeProcessingInitializeOnLoad (86ms)
			ProcessInitializeOnLoadAttributes (279ms)
			ProcessInitializeOnLoadMethodAttributes (189ms)
			AfterProcessingInitializeOnLoad (15ms)
			EditorAssembliesLoaded (0ms)
		ExecutionOrderSort2 (0ms)
		AwakeInstancesAfterBackupRestoration (18ms)
Refreshing native plugins compatible for Editor in 15.49 ms, found 2 plugins.
Preloading 0 native plugins for Editor in 0.00 ms.
Unloading 2498 Unused Serialized files (Serialized files now loaded: 0)
Unloading 51 unused Assets / (42.4 KB). Loaded Objects now: 2969.
Memory consumption went from 100.3 MB to 100.2 MB.
Total: 7.430200 ms (FindLiveObjects: 0.227800 ms CreateObjectMapping: 0.266000 ms MarkObjects: 6.853500 ms  DeleteObjects: 0.081800 ms)

Prepare: number of updated asset objects reloaded= 0
AssetImportParameters requested are different than current active one (requested -> active):
  custom:video-decoder-webm-vp8: 9c59270c3fd7afecdb556c50c9e8de78 -> 
  custom:SearchIndexIgnoredProperties: e643bd26f0fe6173181afceb89e7c659 -> 
  custom:container-demuxer-ogg: 62fdf1f143b41e24485cea50d1cbac27 -> 
  custom:AudioImporter_EditorPlatform: d09bf68614088b80899f8185d706f6e7 -> 
  custom:video-decoder-ogg-theora: a1e56fd34408186e4bbccfd4996cb3dc -> 
  custom:framework-win-MediaFoundation: 216162199b28c13a410421893ffa2e32 -> 
  custom:video-encoder-webm-vp8: eb34c28f22e8b96e1ab97ce403110664 -> 
  custom:audio-decoder-ogg-vorbis: bf7c407c2cedff20999df2af8eb42d56 -> 
  custom:CustomObjectIndexerAttribute: 756ad292c208cfabdd7b50bc23989ffe -> 
  custom:container-demuxer-webm: 4f35f7cbe854078d1ac9338744f61a02 -> 
  custom:audio-encoder-webm-vorbis: bf7c407c2cedff20999df2af8eb42d56 -> 
  custom:container-muxer-webm: aa71ff27fc2769a1b78a27578f13a17b -> 
========================================================================
Received Import Request.
  Time since last request: 3964.812366 seconds.
  path: Assets/Scene/End0-1.unity
  artifactKey: Guid(430fcaeb72da09a45a93d90467ab538d) Importer(815301076,1909f56bfc062723c751e8b465ee728b)
Start importing Assets/Scene/End0-1.unity using Guid(430fcaeb72da09a45a93d90467ab538d) Importer(815301076,1909f56bfc062723c751e8b465ee728b)  -> (artifact id: '820a3fe6693dc826b396d4a270ae9a9a') in 0.013106 seconds
Number of updated asset objects reloaded before import = 0
Number of asset objects unloaded after import = 0
========================================================================
Received Import Request.
  Time since last request: 9.464102 seconds.
  path: Assets/Scene/End0-2.unity
  artifactKey: Guid(3423bc4434098814aa7bde4534f5cc14) Importer(815301076,1909f56bfc062723c751e8b465ee728b)
Start importing Assets/Scene/End0-2.unity using Guid(3423bc4434098814aa7bde4534f5cc14) Importer(815301076,1909f56bfc062723c751e8b465ee728b)  -> (artifact id: '3b291141d0e5312fa06eb1ada8686dde') in 0.000521 seconds
Number of updated asset objects reloaded before import = 0
Number of asset objects unloaded after import = 0
========================================================================
Received Import Request.
  Time since last request: 2.294814 seconds.
  path: Assets/Scene/End0-4.unity
  artifactKey: Guid(8286b47223632f349bc6f5c989daf109) Importer(815301076,1909f56bfc062723c751e8b465ee728b)
Start importing Assets/Scene/End0-4.unity using Guid(8286b47223632f349bc6f5c989daf109) Importer(815301076,1909f56bfc062723c751e8b465ee728b)  -> (artifact id: 'fc490742a553d57cd907f964f7a51b0d') in 0.000571 seconds
Number of updated asset objects reloaded before import = 0
Number of asset objects unloaded after import = 0
========================================================================
Received Import Request.
  Time since last request: 14.733248 seconds.
  path: Assets/Script/Elevator/End0.cs
  artifactKey: Guid(9a37e6826e95f674ebeb8bec17837b92) Importer(815301076,1909f56bfc062723c751e8b465ee728b)
Start importing Assets/Script/Elevator/End0.cs using Guid(9a37e6826e95f674ebeb8bec17837b92) Importer(815301076,1909f56bfc062723c751e8b465ee728b)  -> (artifact id: 'a45988b3363341b02f3a2a50f7f88f39') in 0.000501 seconds
Number of updated asset objects reloaded before import = 0
Number of asset objects unloaded after import = 0
========================================================================
Received Import Request.
  Time since last request: 14.242301 seconds.
  path: Assets/Script/Elevator/Memo.cs
  artifactKey: Guid(43d9718d64549c34892735831c5d3935) Importer(815301076,1909f56bfc062723c751e8b465ee728b)
Start importing Assets/Script/Elevator/Memo.cs using Guid(43d9718d64549c34892735831c5d3935) Importer(815301076,1909f56bfc062723c751e8b465ee728b)  -> (artifact id: 'c035ad2a95efcf81b046efd926673629') in 0.000632 seconds
Number of updated asset objects reloaded before import = 0
Number of asset objects unloaded after import = 0
========================================================================
Received Import Request.
  Time since last request: 2.502986 seconds.
  path: Assets/Script/Elevator/Mouse.cs
  artifactKey: Guid(c87aa95e0fd8c9a468fbc5e0d8644c13) Importer(815301076,1909f56bfc062723c751e8b465ee728b)
Start importing Assets/Script/Elevator/Mouse.cs using Guid(c87aa95e0fd8c9a468fbc5e0d8644c13) Importer(815301076,1909f56bfc062723c751e8b465ee728b)  -> (artifact id: 'ed3b6a5a6e3b2b4158d74519b9228f87') in 0.000630 seconds
Number of updated asset objects reloaded before import = 0
Number of asset objects unloaded after import = 0
========================================================================
Received Import Request.
  Time since last request: 0.562864 seconds.
  path: Assets/Script/Elevator/PlayerMove.cs
  artifactKey: Guid(79564dda1fa88214ea54efa9d33eb07d) Importer(815301076,1909f56bfc062723c751e8b465ee728b)
Start importing Assets/Script/Elevator/PlayerMove.cs using Guid(79564dda1fa88214ea54efa9d33eb07d) Importer(815301076,1909f56bfc062723c751e8b465ee728b)  -> (artifact id: '6d1bb0f1805d55945d29b0ec1eb47887') in 0.000476 seconds
Number of updated asset objects reloaded before import = 0
Number of asset objects unloaded after import = 0
========================================================================
Received Import Request.
  Time since last request: 5.145390 seconds.
  path: Assets/Script/HideAndSeek/End1.cs
  artifactKey: Guid(22218cd01ef364c489543c92b86bd590) Importer(815301076,1909f56bfc062723c751e8b465ee728b)
Start importing Assets/Script/HideAndSeek/End1.cs using Guid(22218cd01ef364c489543c92b86bd590) Importer(815301076,1909f56bfc062723c751e8b465ee728b)  -> (artifact id: 'ac159356894ef76a538c5bd0eba0fb6e') in 0.000513 seconds
Number of updated asset objects reloaded before import = 0
Number of asset objects unloaded after import = 0
========================================================================
Received Import Request.
  Time since last request: 0.625411 seconds.
  path: Assets/Script/HideAndSeek/Charm.cs
  artifactKey: Guid(091d20f5691b00346a17379937e25650) Importer(815301076,1909f56bfc062723c751e8b465ee728b)
Start importing Assets/Script/HideAndSeek/Charm.cs using Guid(091d20f5691b00346a17379937e25650) Importer(815301076,1909f56bfc062723c751e8b465ee728b)  -> (artifact id: 'b6773ce8c68ff6b366513bd30a3e70e2') in 0.000467 seconds
Number of updated asset objects reloaded before import = 0
Number of asset objects unloaded after import = 0
========================================================================
Received Import Request.
  Time since last request: 0.583584 seconds.
  path: Assets/Script/HideAndSeek/GameSystem.cs
  artifactKey: Guid(05abcc1f4818629409610b422e866832) Importer(815301076,1909f56bfc062723c751e8b465ee728b)
Start importing Assets/Script/HideAndSeek/GameSystem.cs using Guid(05abcc1f4818629409610b422e866832) Importer(815301076,1909f56bfc062723c751e8b465ee728b)  -> (artifact id: 'a549883db3c4d057f8e2db74ceb3e609') in 0.000481 seconds
Number of updated asset objects reloaded before import = 0
Number of asset objects unloaded after import = 0
========================================================================
Received Import Request.
  Time since last request: 0.638209 seconds.
  path: Assets/Script/HideAndSeek/Memo2.cs
  artifactKey: Guid(8f1afa03d3b396840941aba0d534203f) Importer(815301076,1909f56bfc062723c751e8b465ee728b)
Start importing Assets/Script/HideAndSeek/Memo2.cs using Guid(8f1afa03d3b396840941aba0d534203f) Importer(815301076,1909f56bfc062723c751e8b465ee728b)  -> (artifact id: 'a386ec5261d16ca55e502e24f31a8499') in 0.000496 seconds
Number of updated asset objects reloaded before import = 0
Number of asset objects unloaded after import = 0
========================================================================
Received Import Request.
  Time since last request: 0.448885 seconds.
  path: Assets/Script/HideAndSeek/Mouse2.cs
  artifactKey: Guid(68cbc8b41578a974cb48e983daa1b758) Importer(815301076,1909f56bfc062723c751e8b465ee728b)
Start importing Assets/Script/HideAndSeek/Mouse2.cs using Guid(68cbc8b41578a974cb48e983daa1b758) Importer(815301076,1909f56bfc062723c751e8b465ee728b)  -> (artifact id: '12c4feaa8c2c085ae7cbc63d6629f354') in 0.000699 seconds
Number of updated asset objects reloaded before import = 0
Number of asset objects unloaded after import = 0
========================================================================
Received Import Request.
  Time since last request: 0.354353 seconds.
  path: Assets/Script/HideAndSeek/PlayerMove2.cs
  artifactKey: Guid(05208dccd6c8e82439a929ce510eac5e) Importer(815301076,1909f56bfc062723c751e8b465ee728b)
Start importing Assets/Script/HideAndSeek/PlayerMove2.cs using Guid(05208dccd6c8e82439a929ce510eac5e) Importer(815301076,1909f56bfc062723c751e8b465ee728b)  -> (artifact id: 'cea989fd6fe4797323a1211d7c1837d9') in 0.000471 seconds
Number of updated asset objects reloaded before import = 0
Number of asset objects unloaded after import = 0
========================================================================
Received Import Request.
  Time since last request: 93.970160 seconds.
  path: Assets/Script/Elevator
  artifactKey: Guid(2c8da65808932eb49b345e9410d18d5a) Importer(815301076,1909f56bfc062723c751e8b465ee728b)
Start importing Assets/Script/Elevator using Guid(2c8da65808932eb49b345e9410d18d5a) Importer(815301076,1909f56bfc062723c751e8b465ee728b)  -> (artifact id: 'edb1288e518ac19ba2cc676624aa2bea') in 0.000482 seconds
Number of updated asset objects reloaded before import = 0
Number of asset objects unloaded after import = 0
========================================================================
Received Import Request.
  Time since last request: 2.240362 seconds.
  path: Packages/com.unity.2d.sprite/package.json
  artifactKey: Guid(7dc5f1e5d04ac8549ac21802071e983b) Importer(815301076,1909f56bfc062723c751e8b465ee728b)
Start importing Packages/com.unity.2d.sprite/package.json using Guid(7dc5f1e5d04ac8549ac21802071e983b) Importer(815301076,1909f56bfc062723c751e8b465ee728b)  -> (artifact id: 'a5b6b471d19d39fec69c0fc8c85ea245') in 0.017661 seconds
Number of updated asset objects reloaded before import = 0
Number of asset objects unloaded after import = 1
========================================================================
Received Import Request.
  Time since last request: 0.952632 seconds.
  path: Packages/com.unity.2d.tilemap/package.json
  artifactKey: Guid(51797d68d3132bb419217a229e09fc47) Importer(815301076,1909f56bfc062723c751e8b465ee728b)
Start importing Packages/com.unity.2d.tilemap/package.json using Guid(51797d68d3132bb419217a229e09fc47) Importer(815301076,1909f56bfc062723c751e8b465ee728b)  -> (artifact id: '99ff338c4bf866204a405a700557a0c6') in 0.001041 seconds
Number of updated asset objects reloaded before import = 0
Number of asset objects unloaded after import = 1
========================================================================
Received Import Request.
  Time since last request: 0.489707 seconds.
  path: Packages/com.unity.ads/package.json
  artifactKey: Guid(dced8f6ea9f964e8e8e61574ea889d21) Importer(815301076,1909f56bfc062723c751e8b465ee728b)
Start importing Packages/com.unity.ads/package.json using Guid(dced8f6ea9f964e8e8e61574ea889d21) Importer(815301076,1909f56bfc062723c751e8b465ee728b)  -> (artifact id: 'a9b62da58ba4e7ace9be0866114dba23') in 0.001068 seconds
Number of updated asset objects reloaded before import = 0
Number of asset objects unloaded after import = 1
========================================================================
Received Import Request.
  Time since last request: 1.756847 seconds.
  path: Assets/Object/3D/horror/model.dae
  artifactKey: Guid(6694b5005f9064e4bb60bd9a7f18cc5c) Importer(815301076,1909f56bfc062723c751e8b465ee728b)
Start importing Assets/Object/3D/horror/model.dae using Guid(6694b5005f9064e4bb60bd9a7f18cc5c) Importer(815301076,1909f56bfc062723c751e8b465ee728b)  -> (artifact id: '6ffff9d71d9f6ef5f5414fb3348e9f3b') in 0.604344 seconds
Number of updated asset objects reloaded before import = 0
Number of asset objects unloaded after import = 14
========================================================================
Received Import Request.
  Time since last request: 0.479338 seconds.
  path: Assets/Object/3D/Clock/model.dae
  artifactKey: Guid(24b118923e7d0964e9c72f15556bc346) Importer(815301076,1909f56bfc062723c751e8b465ee728b)
Start importing Assets/Object/3D/Clock/model.dae using Guid(24b118923e7d0964e9c72f15556bc346) Importer(815301076,1909f56bfc062723c751e8b465ee728b)  -> (artifact id: 'bee2b4b5fe66f12c8d92176c039cdc1d') in 0.365905 seconds
Number of updated asset objects reloaded before import = 0
Number of asset objects unloaded after import = 201
========================================================================
Received Import Request.
  Time since last request: 1.095746 seconds.
  path: Assets/Object/3D/cup/model.dae
  artifactKey: Guid(ee036a8221e319842860f00df5adc413) Importer(815301076,1909f56bfc062723c751e8b465ee728b)
Start importing Assets/Object/3D/cup/model.dae using Guid(ee036a8221e319842860f00df5adc413) Importer(815301076,1909f56bfc062723c751e8b465ee728b)  -> (artifact id: '94a0c43abf93b367eab61243ff03b9e5') in 0.060307 seconds
Number of updated asset objects reloaded before import = 0
Number of asset objects unloaded after import = 32
========================================================================
Received Import Request.
  Time since last request: 1.405952 seconds.
  path: Assets/Object/3D/rice+cooker/model.dae
  artifactKey: Guid(9e63005c2f470db48be3a8b78f1327e6) Importer(815301076,1909f56bfc062723c751e8b465ee728b)
Start importing Assets/Object/3D/rice+cooker/model.dae using Guid(9e63005c2f470db48be3a8b78f1327e6) Importer(815301076,1909f56bfc062723c751e8b465ee728b)  -> (artifact id: '2d4b44f1f92017358b960cd2de1f43d7') in 0.311873 seconds
Number of updated asset objects reloaded before import = 0
Number of asset objects unloaded after import = 106
========================================================================
Received Import Request.
  Time since last request: 0.158023 seconds.
  path: Assets/Object/3D/pencil/model.dae
  artifactKey: Guid(280b7efdc0d66b24190e4afa5cb57fa0) Importer(815301076,1909f56bfc062723c751e8b465ee728b)
Start importing Assets/Object/3D/pencil/model.dae using Guid(280b7efdc0d66b24190e4afa5cb57fa0) Importer(815301076,1909f56bfc062723c751e8b465ee728b)  -> (artifact id: 'f01a290bbae054eaeeb8cb30ec870f36') in 0.046494 seconds
Number of updated asset objects reloaded before import = 0
Number of asset objects unloaded after import = 38
========================================================================
Received Import Request.
  Time since last request: 0.348622 seconds.
  path: Assets/Object/3D/Livros/model.dae
  artifactKey: Guid(aacd330fe2264a545bd62b0cca55fc7d) Importer(815301076,1909f56bfc062723c751e8b465ee728b)
Start importing Assets/Object/3D/Livros/model.dae using Guid(aacd330fe2264a545bd62b0cca55fc7d) Importer(815301076,1909f56bfc062723c751e8b465ee728b)  -> (artifact id: '9aade73e1bdd713302f0c4aada9f17b3') in 0.126877 seconds
Number of updated asset objects reloaded before import = 0
Number of asset objects unloaded after import = 104
========================================================================
Received Import Request.
  Time since last request: 0.391060 seconds.
  path: Assets/Object/3D/rice/model.dae
  artifactKey: Guid(01ee6d10d390d334e92a100cb114a9ae) Importer(815301076,1909f56bfc062723c751e8b465ee728b)
Start importing Assets/Object/3D/rice/model.dae using Guid(01ee6d10d390d334e92a100cb114a9ae) Importer(815301076,1909f56bfc062723c751e8b465ee728b)  -> (artifact id: '9f06cf057bd4a5a8ceb4ce0941764e7a') in 0.202722 seconds
Number of updated asset objects reloaded before import = 0
Number of asset objects unloaded after import = 229
========================================================================
Received Import Request.
  Time since last request: 0.736295 seconds.
  path: Assets/Object/3D/Salt/model.dae
  artifactKey: Guid(97ef8a9f08d2cd04491ae4b71a52ceb3) Importer(815301076,1909f56bfc062723c751e8b465ee728b)
Start importing Assets/Object/3D/Salt/model.dae using Guid(97ef8a9f08d2cd04491ae4b71a52ceb3) Importer(815301076,1909f56bfc062723c751e8b465ee728b)  -> (artifact id: 'd279f859977ffdb35eb57d98788cbd2e') in 0.114082 seconds
Number of updated asset objects reloaded before import = 0
Number of asset objects unloaded after import = 33
========================================================================
Received Import Request.
  Time since last request: 3.277779 seconds.
  path: Assets/Object/Material/Door.mat
  artifactKey: Guid(5d97aff1a14222f40bad896bfdc15c93) Importer(815301076,1909f56bfc062723c751e8b465ee728b)
Start importing Assets/Object/Material/Door.mat using Guid(5d97aff1a14222f40bad896bfdc15c93) Importer(815301076,1909f56bfc062723c751e8b465ee728b)  -> (artifact id: 'd7fae7e311d31cf92d67e6143e23ada1') in 0.013715 seconds
Number of updated asset objects reloaded before import = 0
Number of asset objects unloaded after import = 1
========================================================================
Received Import Request.
  Time since last request: 0.022522 seconds.
  path: Assets/Object/Material/Floor.mat
  artifactKey: Guid(74ee240b1bb2092488c01eb63a70a59a) Importer(815301076,1909f56bfc062723c751e8b465ee728b)
Start importing Assets/Object/Material/Floor.mat using Guid(74ee240b1bb2092488c01eb63a70a59a) Importer(815301076,1909f56bfc062723c751e8b465ee728b)  -> (artifact id: '423f56b5a662e1c369b74c6abf965457') in 0.015220 seconds
Number of updated asset objects reloaded before import = 0
Number of asset objects unloaded after import = 1
========================================================================
Received Import Request.
  Time since last request: 0.000016 seconds.
  path: Assets/Object/Material/white.mat
  artifactKey: Guid(1b7ab5c0d51d5b943a829cb7147bcca3) Importer(815301076,1909f56bfc062723c751e8b465ee728b)
Start importing Assets/Object/Material/white.mat using Guid(1b7ab5c0d51d5b943a829cb7147bcca3) Importer(815301076,1909f56bfc062723c751e8b465ee728b)  -> (artifact id: '80afa7898225a461fe993b48f91b2ddd') in 0.110006 seconds
Number of updated asset objects reloaded before import = 0
Number of asset objects unloaded after import = 1
========================================================================
Received Import Request.
  Time since last request: 0.000025 seconds.
  path: Assets/Object/Material/House Wall.mat
  artifactKey: Guid(88c7d1955bcaa444e9c70b0ddcbc0f58) Importer(815301076,1909f56bfc062723c751e8b465ee728b)
Start importing Assets/Object/Material/House Wall.mat using Guid(88c7d1955bcaa444e9c70b0ddcbc0f58) Importer(815301076,1909f56bfc062723c751e8b465ee728b)  -> (artifact id: '2ae4ac758072cc9c1452b286051b56c6') in 0.162053 seconds
Number of updated asset objects reloaded before import = 0
Number of asset objects unloaded after import = 2
========================================================================
Received Import Request.
  Time since last request: 0.259873 seconds.
  path: Assets/Object/Sprite/blood.png
  artifactKey: Guid(0a7add776689bb541a5394f9218fdc6d) Importer(815301076,1909f56bfc062723c751e8b465ee728b)
Start importing Assets/Object/Sprite/blood.png using Guid(0a7add776689bb541a5394f9218fdc6d) Importer(815301076,1909f56bfc062723c751e8b465ee728b)  -> (artifact id: '5fa648c5bac159f90bc2b2a80c1b9ca8') in 0.047154 seconds
Number of updated asset objects reloaded before import = 0
Number of asset objects unloaded after import = 3
========================================================================
Received Import Request.
  Time since last request: 0.000031 seconds.
  path: Assets/Object/Sprite/NailCutter.png
  artifactKey: Guid(cd5b2f0c839e12d4cbf0562c71b99a2c) Importer(815301076,1909f56bfc062723c751e8b465ee728b)
Start importing Assets/Object/Sprite/NailCutter.png using Guid(cd5b2f0c839e12d4cbf0562c71b99a2c) Importer(815301076,1909f56bfc062723c751e8b465ee728b)  -> (artifact id: '72a120f684d85ad803aff37bf1dfe317') in 0.029205 seconds
Number of updated asset objects reloaded before import = 0
Number of asset objects unloaded after import = 3
========================================================================
Received Import Request.
  Time since last request: 0.000014 seconds.
  path: Assets/Object/Sprite/Digital1.png
  artifactKey: Guid(fa5aba9160cc82549b6fde3787dca251) Importer(815301076,1909f56bfc062723c751e8b465ee728b)
Start importing Assets/Object/Sprite/Digital1.png using Guid(fa5aba9160cc82549b6fde3787dca251) Importer(815301076,1909f56bfc062723c751e8b465ee728b)  -> (artifact id: '5fd7c6daf923e3be07dee4499bc14786') in 0.051213 seconds
Number of updated asset objects reloaded before import = 0
Number of asset objects unloaded after import = 12
========================================================================
Received Import Request.
  Time since last request: 0.000013 seconds.
  path: Assets/Object/Sprite/Horror.png
  artifactKey: Guid(a95479e7cb84b3542bbbb197147adc12) Importer(815301076,1909f56bfc062723c751e8b465ee728b)
Start importing Assets/Object/Sprite/Horror.png using Guid(a95479e7cb84b3542bbbb197147adc12) Importer(815301076,1909f56bfc062723c751e8b465ee728b)  -> (artifact id: 'a6f0a9a536d334c25ad20fa12d81e2dd') in 0.033326 seconds
Number of updated asset objects reloaded before import = 0
Number of asset objects unloaded after import = 3
========================================================================
Received Import Request.
  Time since last request: 0.000019 seconds.
  path: Assets/Object/Sprite/Digital2.png
  artifactKey: Guid(b84bf9b94ebeb7c47b16d87f18ea490a) Importer(815301076,1909f56bfc062723c751e8b465ee728b)
Start importing Assets/Object/Sprite/Digital2.png using Guid(b84bf9b94ebeb7c47b16d87f18ea490a) Importer(815301076,1909f56bfc062723c751e8b465ee728b)  -> (artifact id: 'f47bb992c03e35858c580c394542e3f6') in 0.047705 seconds
Number of updated asset objects reloaded before import = 0
Number of asset objects unloaded after import = 7
========================================================================
Received Import Request.
  Time since last request: 0.000021 seconds.
  path: Assets/Object/Sprite/icon.png
  artifactKey: Guid(c3161177806a36642b76ddfceac03f62) Importer(815301076,1909f56bfc062723c751e8b465ee728b)
Start importing Assets/Object/Sprite/icon.png using Guid(c3161177806a36642b76ddfceac03f62) Importer(815301076,1909f56bfc062723c751e8b465ee728b)  -> (artifact id: '53c9d0be109290a1f8fd7da53f6748e8') in 0.030510 seconds
Number of updated asset objects reloaded before import = 0
Number of asset objects unloaded after import = 2
========================================================================
Received Import Request.
  Time since last request: 0.000027 seconds.
  path: Assets/Object/Sprite/HideandSeekMemo1.png
  artifactKey: Guid(ef29894b550a24041859d6b61627af23) Importer(815301076,1909f56bfc062723c751e8b465ee728b)
Start importing Assets/Object/Sprite/HideandSeekMemo1.png using Guid(ef29894b550a24041859d6b61627af23) Importer(815301076,1909f56bfc062723c751e8b465ee728b)  -> (artifact id: '654ea3c0510736aebefe561ba0ec4cef') in 0.031241 seconds
Number of updated asset objects reloaded before import = 0
Number of asset objects unloaded after import = 3
========================================================================
Received Import Request.
  Time since last request: 0.000022 seconds.
  path: Assets/Object/Sprite/mouse.png
  artifactKey: Guid(693692a587ce827498f9da89b2e04028) Importer(815301076,1909f56bfc062723c751e8b465ee728b)
Start importing Assets/Object/Sprite/mouse.png using Guid(693692a587ce827498f9da89b2e04028) Importer(815301076,1909f56bfc062723c751e8b465ee728b)  -> (artifact id: 'ffca0864d91bee369a1755f74dd75e95') in 0.026953 seconds
Number of updated asset objects reloaded before import = 0
Number of asset objects unloaded after import = 2
========================================================================
Received Import Request.
  Time since last request: 0.000014 seconds.
  path: Assets/Object/Sprite/rice.jpg
  artifactKey: Guid(ee2a31b5909404b4996d7430223230ed) Importer(815301076,1909f56bfc062723c751e8b465ee728b)
Start importing Assets/Object/Sprite/rice.jpg using Guid(ee2a31b5909404b4996d7430223230ed) Importer(815301076,1909f56bfc062723c751e8b465ee728b)  -> (artifact id: '07d9023c59c82a2dd602d07939f3c4e0') in 0.026951 seconds
Number of updated asset objects reloaded before import = 0
Number of asset objects unloaded after import = 2
========================================================================
Received Import Request.
  Time since last request: 0.000016 seconds.
  path: Assets/Object/Sprite/Memo.png
  artifactKey: Guid(9dc351e307d1c864f90a9941fb14de35) Importer(815301076,1909f56bfc062723c751e8b465ee728b)
Start importing Assets/Object/Sprite/Memo.png using Guid(9dc351e307d1c864f90a9941fb14de35) Importer(815301076,1909f56bfc062723c751e8b465ee728b)  -> (artifact id: 'c2d1c494bc648a5238f9b4c76f4b6399') in 0.025558 seconds
Number of updated asset objects reloaded before import = 0
Number of asset objects unloaded after import = 3
========================================================================
Received Import Request.
  Time since last request: 0.000015 seconds.
  path: Assets/Object/Sprite/.png
  artifactKey: Guid(468fcf994ab9c1a4a89537d32a9c0bb1) Importer(815301076,1909f56bfc062723c751e8b465ee728b)
Start importing Assets/Object/Sprite/.png using Guid(468fcf994ab9c1a4a89537d32a9c0bb1) Importer(815301076,1909f56bfc062723c751e8b465ee728b)  -> (artifact id: '3ff43e483e08a76482383f568d0f617e') in 0.030087 seconds
Number of updated asset objects reloaded before import = 0
Number of asset objects unloaded after import = 3
========================================================================
Received Import Request.
  Time since last request: 0.000016 seconds.
  path: Assets/Object/Sprite/elevater.png
  artifactKey: Guid(a19877a350c79544e857e24ae8afeb05) Importer(815301076,1909f56bfc062723c751e8b465ee728b)
Start importing Assets/Object/Sprite/elevater.png using Guid(a19877a350c79544e857e24ae8afeb05) Importer(815301076,1909f56bfc062723c751e8b465ee728b)  -> (artifact id: 'ac4906117dd296dd7395a9b130b0e25b') in 0.023176 seconds
Number of updated asset objects reloaded before import = 0
Number of asset objects unloaded after import = 2
========================================================================
Received Import Request.
  Time since last request: 0.000064 seconds.
  path: Assets/Object/Sprite/hair.png
  artifactKey: Guid(3f8c07c5dfd54a840907039f14e1ef93) Importer(815301076,1909f56bfc062723c751e8b465ee728b)
Start importing Assets/Object/Sprite/hair.png using Guid(3f8c07c5dfd54a840907039f14e1ef93) Importer(815301076,1909f56bfc062723c751e8b465ee728b)  -> (artifact id: 'a74a3450cffeb70e9dbd6cd2b71d7832') in 0.029214 seconds
Number of updated asset objects reloaded before import = 0
Number of asset objects unloaded after import = 3
========================================================================
Received Import Request.
  Time since last request: 0.000016 seconds.
  path: Assets/Object/Sprite/Rice.png
  artifactKey: Guid(a7286b5763e15e44c8103f547bb723e1) Importer(815301076,1909f56bfc062723c751e8b465ee728b)
Start importing Assets/Object/Sprite/Rice.png using Guid(a7286b5763e15e44c8103f547bb723e1) Importer(815301076,1909f56bfc062723c751e8b465ee728b)  -> (artifact id: '668ba99f4f536429ed0dfe9c0904ac1f') in 0.031494 seconds
Number of updated asset objects reloaded before import = 0
Number of asset objects unloaded after import = 3
========================================================================
Received Import Request.
  Time since last request: 0.000022 seconds.
  path: Assets/Object/Sprite/trap.jpg
  artifactKey: Guid(266f51c0434bb8440b3299d696495e53) Importer(815301076,1909f56bfc062723c751e8b465ee728b)
Start importing Assets/Object/Sprite/trap.jpg using Guid(266f51c0434bb8440b3299d696495e53) Importer(815301076,1909f56bfc062723c751e8b465ee728b)  -> (artifact id: 'cde88fa494297b8a96b3060c25e23d8b') in 0.032113 seconds
Number of updated asset objects reloaded before import = 0
Number of asset objects unloaded after import = 3
========================================================================
Received Import Request.
  Time since last request: 0.000017 seconds.
  path: Assets/Object/Sprite/Niddle.png
  artifactKey: Guid(af863edd14439db4d9be93ed47056066) Importer(815301076,1909f56bfc062723c751e8b465ee728b)
Start importing Assets/Object/Sprite/Niddle.png using Guid(af863edd14439db4d9be93ed47056066) Importer(815301076,1909f56bfc062723c751e8b465ee728b)  -> (artifact id: 'b0547042e83439b6f9ead3684f3590d3') in 0.030132 seconds
Number of updated asset objects reloaded before import = 0
Number of asset objects unloaded after import = 3
========================================================================
Received Import Request.
  Time since last request: 0.000016 seconds.
  path: Assets/Object/Sprite/title.png
  artifactKey: Guid(7643f36ed93e7444cbd3f9bc73e367bc) Importer(815301076,1909f56bfc062723c751e8b465ee728b)
Start importing Assets/Object/Sprite/title.png using Guid(7643f36ed93e7444cbd3f9bc73e367bc) Importer(815301076,1909f56bfc062723c751e8b465ee728b)  -> (artifact id: 'ad3eb3389a6d6f1030daace689599685') in 0.020493 seconds
Number of updated asset objects reloaded before import = 0
Number of asset objects unloaded after import = 2
Editor requested this worker to shutdown with reason: Scaling down because of idle timeout
TcpMessagingSession - receive error: operation aborted. errorcode: 995, details:        I/O  .
AssetImportWorker is now disconnected from the server
Process exiting
Exiting without the bug reporter. Application will terminate with return code 0